23:03:55 Gateway     Resumed previous session
23:03:56 Gateway     A ButtonExecuted handler has thrown an unhandled exception.:
Discord.Net.HttpException: The server responded with error 40060: Interaction has already been acknowledged.
   at Discord.Net.Queue.RequestBucket.SendAsync(RestRequest request)
   at Discord.Net.Queue.RequestQueue.SendAsync(RestRequest request)
   at Discord.API.DiscordRestApiClient.SendInternalAsync(String method, String endpoint, RestRequest request)
   at Discord.API.DiscordRestApiClient.SendJsonAsync(String method, String endpoint, Object payload, BucketId bucketId, ClientBucketType clientBucket, RequestOptions options)
   at Discord.API.DiscordRestApiClient.CreateInteractionResponseAsync(InteractionResponse response, UInt64 interactionId, String interactionToken, RequestOptions options)
   at Discord.Rest.InteractionHelper.SendInteractionResponseAsync(BaseDiscordClient client, InteractionResponse response, IDiscordInteraction interaction, IMessageChannel channel, RequestOptions options)
   at Discord.WebSocket.SocketMessageComponent.RespondWithModalAsync(Modal modal, RequestOptions options)
   at GodBot.NewMember.VerificationButton(SocketMessageComponent component) in C:\Users\Юрий\source\repos\WebApplication5\GodBot\Controllers\NewMember.cs:line 267
   at Discord.EventExtensions.InvokeAsync[T](AsyncEvent`1 eventHandler, T arg)
   at Discord.WebSocket.DiscordSocketClient.TimeoutWrap(String name, Func`1 action)
07.02.2023 23:4:5 -> System: Updated user card:
 {"Id":707215911190396978,"Name":"Avantel","userAutarUrl":"https://cdn.discordapp.com/avatars/707215911190396978/e8b01c101b9b9feb45b3283ac7f40680.png?size=128","Steam":"1","Epic":"","Origin":"","Xbox":"","Genshin":"","Osu":"","Social":"","Wargaming":"","ganres":"1","Games":"","Complete":false,"verified":null}
23:04:05 Gateway     A ModalSubmitted handler has thrown an unhandled exception.:
Discord.Net.HttpException: The server responded with error 40060: Interaction has already been acknowledged.
   at Discord.Net.Queue.RequestBucket.SendAsync(RestRequest request)
   at Discord.Net.Queue.RequestQueue.SendAsync(RestRequest request)
   at Discord.API.DiscordRestApiClient.SendInternalAsync(String method, String endpoint, RestRequest request)
   at Discord.API.DiscordRestApiClient.SendJsonAsync(String method, String endpoint, Object payload, BucketId bucketId, ClientBucketType clientBucket, RequestOptions options)
   at Discord.API.DiscordRestApiClient.CreateInteractionResponseAsync(InteractionResponse response, UInt64 interactionId, String interactionToken, RequestOptions options)
   at Discord.Rest.InteractionHelper.SendInteractionResponseAsync(BaseDiscordClient client, InteractionResponse response, IDiscordInteraction interaction, IMessageChannel channel, RequestOptions options)
   at Discord.WebSocket.SocketModal.RespondAsync(String text, Embed[] embeds, Boolean isTTS, Boolean ephemeral, AllowedMentions allowedMentions, MessageComponent components, Embed embed, RequestOptions options)
   at GodBot.NewMember.VerifiedModal(SocketModal modal) in C:\Users\Юрий\source\repos\WebApplication5\GodBot\Controllers\NewMember.cs:line 232
   at Discord.EventExtensions.InvokeAsync[T](AsyncEvent`1 eventHandler, T arg)
   at Discord.WebSocket.DiscordSocketClient.TimeoutWrap(String name, Func`1 action)
23:33:53 Discord     Discord.Net v3.9.0 (API v10)
23:33:53 Gateway     Connecting
23:33:55 Gateway     You're using the GuildScheduledEvents gateway intent without listening to any events related to that intent, consider removing the intent from your config.
23:33:55 Gateway     You're using the GuildInvites gateway intent without listening to any events related to that intent, consider removing the intent from your config.
23:33:55 Gateway     Connected
23:33:57 Gateway     Ready
07.02.2023 23:33:59 -> System: Bot is start
07.02.2023 23:35:3 -> Info: Go to page "Tickets"
07.02.2023 23:35:3 -> Info: Detected fileusers\344864166923730945.json
07.02.2023 23:35:3 -> Info: Detected fileusers\491487830862987266.json
07.02.2023 23:35:3 -> Info: Detected fileusers\707215911190396978.json
07.02.2023 23:35:14 -> Info: Go to page "Tickets"
07.02.2023 23:35:14 -> Info: Detected fileusers\344864166923730945.json
07.02.2023 23:35:14 -> Info: Detected fileusers\491487830862987266.json
07.02.2023 23:35:14 -> Info: Detected fileusers\707215911190396978.json
07.02.2023 23:35:24 -> Info: Go to page "Tickets"
07.02.2023 23:35:24 -> Info: Detected fileusers\344864166923730945.json
07.02.2023 23:35:24 -> Info: Detected fileusers\491487830862987266.json
07.02.2023 23:35:24 -> Info: Detected fileusers\707215911190396978.json
07.02.2023 23:35:33 -> Info: Go to page "Tickets"
07.02.2023 23:35:33 -> Info: Detected fileusers\344864166923730945.json
07.02.2023 23:35:33 -> Info: Detected fileusers\491487830862987266.json
07.02.2023 23:35:33 -> Info: Detected fileusers\707215911190396978.json
07.02.2023 23:35:33 -> Reject!:  User card Removed:
 P01nt | Z€r0
07.02.2023 23:35:34 -> Info: Go to page "Tickets"
07.02.2023 23:35:34 -> Info: Detected fileusers\344864166923730945.json
07.02.2023 23:35:34 -> Info: Detected fileusers\491487830862987266.json
07.02.2023 23:35:34 -> Info: Detected fileusers\707215911190396978.json
07.02.2023 23:35:34 -> Reject!:  User card Removed:
 Avantel
07.02.2023 23:35:44 -> Info: Go to page "Tickets"
07.02.2023 23:35:44 -> Info: Detected fileusers\344864166923730945.json
07.02.2023 23:35:44 -> Info: Detected fileusers\491487830862987266.json
07.02.2023 23:35:44 -> Info: Detected fileusers\707215911190396978.json
07.02.2023 23:35:44 -> System: Bot is start
07.02.2023 23:35:45 -> Info: Go to page "Tickets"
07.02.2023 23:35:45 -> Info: Detected fileusers\344864166923730945.json
07.02.2023 23:35:45 -> Info: Detected fileusers\491487830862987266.json
07.02.2023 23:35:45 -> Info: Detected fileusers\707215911190396978.json
07.02.2023 23:35:45 -> Info: Go to page "Logs"
23:37:59 Discord     Discord.Net v3.9.0 (API v10)
23:37:59 Gateway     Connecting
23:38:02 Gateway     You're using the GuildScheduledEvents gateway intent without listening to any events related to that intent, consider removing the intent from your config.
23:38:02 Gateway     You're using the GuildInvites gateway intent without listening to any events related to that intent, consider removing the intent from your config.
23:38:02 Gateway     Connected
23:38:03 Gateway     Ready
07.02.2023 23:39:18 -> Info: Go to page "Tickets"
07.02.2023 23:39:18 -> Info: Detected fileusers\344864166923730945.json
07.02.2023 23:39:18 -> Info: Detected fileusers\491487830862987266.json
07.02.2023 23:39:18 -> Info: Detected fileusers\707215911190396978.json
07.02.2023 23:39:19 -> System: Create or edit user card:
 {"Id":344864166923730945,"Name":"\u0425\u0430\u043B\u0430\u0434\u044D\u0446\u00A9","userAutarUrl":"https://cdn.discordapp.com/avatars/344864166923730945/53a930aa43d8835b7d6b49e0ac9f8860.png?size=128","Steam":"123","Epic":"321","Origin":"1234","Xbox":"4321","Genshin":"0","Osu":null,"Social":null,"Wargaming":null,"ganres":null,"Games":null,"Complete":false,"verified":false}
07.02.2023 23:39:25 -> Info: Go to page "Logs"
07.02.2023 23:39:32 -> System: Updated user card:
 {"Id":344864166923730945,"Name":"\u0425\u0430\u043B\u0430\u0434\u044D\u0446\u00A9","userAutarUrl":"https://cdn.discordapp.com/avatars/344864166923730945/53a930aa43d8835b7d6b49e0ac9f8860.png?size=128","Steam":"123","Epic":"321","Origin":"1234","Xbox":"4321","Genshin":"0","Osu":"1133","Social":"3311","Wargaming":"2222","ganres":"4444","Games":"5","Complete":false,"verified":false}
07.02.2023 23:39:34 -> System: Complete user card:
 Username:Халадэц© discord id: 344864166923730945
07.02.2023 23:39:45 -> Info: Go to page "Tickets"
07.02.2023 23:39:45 -> Info: Detected fileusers\344864166923730945.json
07.02.2023 23:39:45 -> Info: Detected fileusers\491487830862987266.json
07.02.2023 23:39:45 -> Info: Detected fileusers\707215911190396978.json
07.02.2023 23:39:46 -> Info: Go to page "Tickets"
07.02.2023 23:39:46 -> Info: Detected fileusers\344864166923730945.json
07.02.2023 23:39:46 -> Info: Detected fileusers\491487830862987266.json
07.02.2023 23:39:46 -> Info: Detected fileusers\707215911190396978.json
07.02.2023 23:39:46 -> Reject!:  User card Removed:
 Халадэц©
